# JRE version: OpenJDK Runtime Environment (8.0_152-b02) (build 1.8.0_152-release-1024-b02)
# Java VM: OpenJDK 64-Bit Server VM (25.152-b02 mixed mode windows-amd64 compressed oops)
Heap:
 PSYoungGen      total 205824K, used 105178K [0x00000000e0000000, 0x00000000ee400000, 0x0000000100000000)
  eden space 199680K, 49% used [0x00000000e0000000,0x00000000e60f0b80,0x00000000ec300000)
  from space 6144K, 96% used [0x00000000ecb80000,0x00000000ed145f90,0x00000000ed180000)
  to   space 16896K, 0% used [0x00000000ed380000,0x00000000ed380000,0x00000000ee400000)
 ParOldGen       total 126464K, used 50185K [0x00000000a0000000, 0x00000000a7b80000, 0x00000000e0000000)
  object space 126464K, 39% used [0x00000000a0000000,0x00000000a31026e0,0x00000000a7b80000)
 Metaspace       used 79646K, capacity 84752K, committed 84952K, reserved 1122304K
  class space    used 10346K, capacity 11245K, committed 11264K, reserved 1048576K
GC Heap History (10 events):
Event: 151.176 GC heap before
{Heap before GC invocations=18 (full 3):
 PSYoungGen      total 201216K, used 201215K [0x00000000e0000000, 0x00000000ee080000, 0x0000000100000000)
  eden space 187392K, 100% used [0x00000000e0000000,0x00000000eb700000,0x00000000eb700000)
  from space 13824K, 99% used [0x00000000ed300000,0x00000000ee07fc38,0x00000000ee080000)
  to   space 17408K, 0% used [0x00000000ebe80000,0x00000000ebe80000,0x00000000ecf80000)
 ParOldGen       total 126464K, used 39298K [0x00000000a0000000, 0x00000000a7b80000, 0x00000000e0000000)
  object space 126464K, 31% used [0x00000000a0000000,0x00000000a2660808,0x00000000a7b80000)
 Metaspace       used 75641K, capacity 79540K, committed 79704K, reserved 1118208K
  class space    used 10134K, capacity 10871K, committed 10880K, reserved 1048576K
Event: 151.197 GC heap after
Heap after GC invocations=18 (full 3):
 PSYoungGen      total 212480K, used 13057K [0x00000000e0000000, 0x00000000efc80000, 0x0000000100000000)
  eden space 195072K, 0% used [0x00000000e0000000,0x00000000e0000000,0x00000000ebe80000)
  from space 17408K, 75% used [0x00000000ebe80000,0x00000000ecb40468,0x00000000ecf80000)
  to   space 18432K, 0% used [0x00000000eea80000,0x00000000eea80000,0x00000000efc80000)
 ParOldGen       total 126464K, used 50153K [0x00000000a0000000, 0x00000000a7b80000, 0x00000000e0000000)
  object space 126464K, 39% used [0x00000000a0000000,0x00000000a30fa6e0,0x00000000a7b80000)
 Metaspace       used 75641K, capacity 79540K, committed 79704K, reserved 1118208K
  class space    used 10134K, capacity 10871K, committed 10880K, reserved 1048576K
}
Event: 636.236 GC heap before
{Heap before GC invocations=19 (full 3):
 PSYoungGen      total 212480K, used 207617K [0x00000000e0000000, 0x00000000efc80000, 0x0000000100000000)
  eden space 195072K, 99% used [0x00000000e0000000,0x00000000ebe002c8,0x00000000ebe80000)
  from space 17408K, 75% used [0x00000000ebe80000,0x00000000ecb40468,0x00000000ecf80000)
  to   space 18432K, 0% used [0x00000000eea80000,0x00000000eea80000,0x00000000efc80000)
 ParOldGen       total 126464K, used 50153K [0x00000000a0000000, 0x00000000a7b80000, 0x00000000e0000000)
  object space 126464K, 39% used [0x00000000a0000000,0x00000000a30fa6e0,0x00000000a7b80000)
 Metaspace       used 76674K, capacity 80764K, committed 81112K, reserved 1120256K
  class space    used 10172K, capacity 10935K, committed 11008K, reserved 1048576K
Event: 636.244 GC heap after
Heap after GC invocations=19 (full 3):
 PSYoungGen      total 240640K, used 10041K [0x00000000e0000000, 0x00000000efe00000, 0x0000000100000000)
  eden space 222208K, 0% used [0x00000000e0000000,0x00000000e0000000,0x00000000ed900000)
  from space 18432K, 54% used [0x00000000eea80000,0x00000000ef44e5e8,0x00000000efc80000)
  to   space 17920K, 0% used [0x00000000ed900000,0x00000000ed900000,0x00000000eea80000)
 ParOldGen       total 126464K, used 50161K [0x00000000a0000000, 0x00000000a7b80000, 0x00000000e0000000)
  object space 126464K, 39% used [0x00000000a0000000,0x00000000a30fc6e0,0x00000000a7b80000)
 Metaspace       used 76674K, capacity 80764K, committed 81112K, reserved 1120256K
  class space    used 10172K, capacity 10935K, committed 11008K, reserved 1048576K
}
Event: 1354.425 GC heap before
{Heap before GC invocations=20 (full 3):
 PSYoungGen      total 240640K, used 232249K [0x00000000e0000000, 0x00000000efe00000, 0x0000000100000000)
  eden space 222208K, 100% used [0x00000000e0000000,0x00000000ed900000,0x00000000ed900000)
  from space 18432K, 54% used [0x00000000eea80000,0x00000000ef44e5e8,0x00000000efc80000)
  to   space 17920K, 0% used [0x00000000ed900000,0x00000000ed900000,0x00000000eea80000)
 ParOldGen       total 126464K, used 50161K [0x00000000a0000000, 0x00000000a7b80000, 0x00000000e0000000)
  object space 126464K, 39% used [0x00000000a0000000,0x00000000a30fc6e0,0x00000000a7b80000)
 Metaspace       used 77770K, capacity 81976K, committed 82136K, reserved 1120256K
  class space    used 10200K, capacity 10983K, committed 11008K, reserved 1048576K
Event: 1354.434 GC heap after
Heap after GC invocations=20 (full 3):
 PSYoungGen      total 223744K, used 8811K [0x00000000e0000000, 0x00000000ef280000, 0x0000000100000000)
  eden space 214528K, 0% used [0x00000000e0000000,0x00000000e0000000,0x00000000ed180000)
  from space 9216K, 95% used [0x00000000ed900000,0x00000000ee19ade0,0x00000000ee200000)
  to   space 16896K, 0% used [0x00000000ee200000,0x00000000ee200000,0x00000000ef280000)
 ParOldGen       total 126464K, used 50169K [0x00000000a0000000, 0x00000000a7b80000, 0x00000000e0000000)
  object space 126464K, 39% used [0x00000000a0000000,0x00000000a30fe6e0,0x00000000a7b80000)
 Metaspace       used 77770K, capacity 81976K, committed 82136K, reserved 1120256K
  class space    used 10200K, capacity 10983K, committed 11008K, reserved 1048576K
}
Event: 1880.461 GC heap before
{Heap before GC invocations=21 (full 3):
 PSYoungGen      total 223744K, used 223339K [0x00000000e0000000, 0x00000000ef280000, 0x0000000100000000)
  eden space 214528K, 100% used [0x00000000e0000000,0x00000000ed180000,0x00000000ed180000)
  from space 9216K, 95% used [0x00000000ed900000,0x00000000ee19ade0,0x00000000ee200000)
  to   space 16896K, 0% used [0x00000000ee200000,0x00000000ee200000,0x00000000ef280000)
 ParOldGen       total 126464K, used 50169K [0x00000000a0000000, 0x00000000a7b80000, 0x00000000e0000000)
  object space 126464K, 39% used [0x00000000a0000000,0x00000000a30fe6e0,0x00000000a7b80000)
 Metaspace       used 78487K, capacity 83030K, committed 83288K, reserved 1122304K
  class space    used 10243K, capacity 11058K, committed 11136K, reserved 1048576K
Event: 1880.476 GC heap after
Heap after GC invocations=21 (full 3):
 PSYoungGen      total 218624K, used 11692K [0x00000000e0000000, 0x00000000eed80000, 0x0000000100000000)
  eden space 206848K, 0% used [0x00000000e0000000,0x00000000e0000000,0x00000000eca00000)
  from space 11776K, 99% used [0x00000000ee200000,0x00000000eed6b178,0x00000000eed80000)
  to   space 17408K, 0% used [0x00000000ecb80000,0x00000000ecb80000,0x00000000edc80000)
 ParOldGen       total 126464K, used 50177K [0x00000000a0000000, 0x00000000a7b80000, 0x00000000e0000000)
  object space 126464K, 39% used [0x00000000a0000000,0x00000000a31006e0,0x00000000a7b80000)
 Metaspace       used 78487K, capacity 83030K, committed 83288K, reserved 1122304K
  class space    used 10243K, capacity 11058K, committed 11136K, reserved 1048576K
}
Event: 2572.842 GC heap before
{Heap before GC invocations=22 (full 3):
 PSYoungGen      total 218624K, used 218540K [0x00000000e0000000, 0x00000000eed80000, 0x0000000100000000)
  eden space 206848K, 100% used [0x00000000e0000000,0x00000000eca00000,0x00000000eca00000)
  from space 11776K, 99% used [0x00000000ee200000,0x00000000eed6b178,0x00000000eed80000)
  to   space 17408K, 0% used [0x00000000ecb80000,0x00000000ecb80000,0x00000000edc80000)
 ParOldGen       total 126464K, used 50177K [0x00000000a0000000, 0x00000000a7b80000, 0x00000000e0000000)
  object space 126464K, 39% used [0x00000000a0000000,0x00000000a31006e0,0x00000000a7b80000)
 Metaspace       used 79426K, capacity 84556K, committed 84696K, reserved 1122304K
  class space    used 10346K, capacity 11245K, committed 11264K, reserved 1048576K
Event: 2572.853 GC heap after
Heap after GC invocations=22 (full 3):
 PSYoungGen      total 205824K, used 5911K [0x00000000e0000000, 0x00000000ee400000, 0x0000000100000000)
  eden space 199680K, 0% used [0x00000000e0000000,0x00000000e0000000,0x00000000ec300000)
  from space 6144K, 96% used [0x00000000ecb80000,0x00000000ed145f90,0x00000000ed180000)
  to   space 16896K, 0% used [0x00000000ed380000,0x00000000ed380000,0x00000000ee400000)
 ParOldGen       total 126464K, used 50185K [0x00000000a0000000, 0x00000000a7b80000, 0x00000000e0000000)
  object space 126464K, 39% used [0x00000000a0000000,0x00000000a31026e0,0x00000000a7b80000)
 Metaspace       used 79426K, capacity 84556K, committed 84696K, reserved 1122304K
  class space    used 10346K, capacity 11245K, committed 11264K, reserved 1048576K
}

