# JRE version: OpenJDK Runtime Environment (8.0_152-b02) (build 1.8.0_152-release-1024-b02)
# Java VM: OpenJDK 64-Bit Server VM (25.152-b02 mixed mode windows-amd64 compressed oops)
Heap:
 PSYoungGen      total 425984K, used 256854K [0x00000000e0000000, 0x00000000fca80000, 0x0000000100000000)
  eden space 403456K, 58% used [0x00000000e0000000,0x00000000ee4dcff8,0x00000000f8a00000)
  from space 22528K, 99% used [0x00000000fa280000,0x00000000fb878ba8,0x00000000fb880000)
  to   space 25088K, 0% used [0x00000000f8a00000,0x00000000f8a00000,0x00000000fa280000)
 ParOldGen       total 153600K, used 58029K [0x00000000a0000000, 0x00000000a9600000, 0x00000000e0000000)
  object space 153600K, 37% used [0x00000000a0000000,0x00000000a38ab7f8,0x00000000a9600000)
 Metaspace       used 91208K, capacity 96946K, committed 99032K, reserved 1134592K
  class space    used 11401K, capacity 12523K, committed 13056K, reserved 1048576K
GC Heap History (10 events):
Event: 16089.818 GC heap before
{Heap before GC invocations=38 (full 4):
 PSYoungGen      total 428544K, used 416038K [0x00000000e0000000, 0x00000000fca80000, 0x0000000100000000)
  eden space 403456K, 100% used [0x00000000e0000000,0x00000000f8a00000,0x00000000f8a00000)
  from space 25088K, 50% used [0x00000000f8a00000,0x00000000f9649a58,0x00000000fa280000)
  to   space 22528K, 0% used [0x00000000fa280000,0x00000000fa280000,0x00000000fb880000)
 ParOldGen       total 153600K, used 47110K [0x00000000a0000000, 0x00000000a9600000, 0x00000000e0000000)
  object space 153600K, 30% used [0x00000000a0000000,0x00000000a2e01ba8,0x00000000a9600000)
 Metaspace       used 90870K, capacity 96602K, committed 98792K, reserved 1134592K
  class space    used 11397K, capacity 12517K, committed 13056K, reserved 1048576K
Event: 16089.834 GC heap after
Heap after GC invocations=38 (full 4):
 PSYoungGen      total 425984K, used 15795K [0x00000000e0000000, 0x00000000fca80000, 0x0000000100000000)
  eden space 403456K, 0% used [0x00000000e0000000,0x00000000e0000000,0x00000000f8a00000)
  from space 22528K, 70% used [0x00000000fa280000,0x00000000fb1ecde0,0x00000000fb880000)
  to   space 25088K, 0% used [0x00000000f8a00000,0x00000000f8a00000,0x00000000fa280000)
 ParOldGen       total 153600K, used 47110K [0x00000000a0000000, 0x00000000a9600000, 0x00000000e0000000)
  object space 153600K, 30% used [0x00000000a0000000,0x00000000a2e01ba8,0x00000000a9600000)
 Metaspace       used 90870K, capacity 96602K, committed 98792K, reserved 1134592K
  class space    used 11397K, capacity 12517K, committed 13056K, reserved 1048576K
}
Event: 16090.296 GC heap before
{Heap before GC invocations=39 (full 4):
 PSYoungGen      total 425984K, used 419251K [0x00000000e0000000, 0x00000000fca80000, 0x0000000100000000)
  eden space 403456K, 100% used [0x00000000e0000000,0x00000000f8a00000,0x00000000f8a00000)
  from space 22528K, 70% used [0x00000000fa280000,0x00000000fb1ecde0,0x00000000fb880000)
  to   space 25088K, 0% used [0x00000000f8a00000,0x00000000f8a00000,0x00000000fa280000)
 ParOldGen       total 153600K, used 47110K [0x00000000a0000000, 0x00000000a9600000, 0x00000000e0000000)
  object space 153600K, 30% used [0x00000000a0000000,0x00000000a2e01ba8,0x00000000a9600000)
 Metaspace       used 90915K, capacity 96666K, committed 98792K, reserved 1134592K
  class space    used 11397K, capacity 12517K, committed 13056K, reserved 1048576K
Event: 16090.307 GC heap after
Heap after GC invocations=39 (full 4):
 PSYoungGen      total 428544K, used 4822K [0x00000000e0000000, 0x00000000fca80000, 0x0000000100000000)
  eden space 403456K, 0% used [0x00000000e0000000,0x00000000e0000000,0x00000000f8a00000)
  from space 25088K, 19% used [0x00000000f8a00000,0x00000000f8eb5ac8,0x00000000fa280000)
  to   space 22528K, 0% used [0x00000000fa280000,0x00000000fa280000,0x00000000fb880000)
 ParOldGen       total 153600K, used 54697K [0x00000000a0000000, 0x00000000a9600000, 0x00000000e0000000)
  object space 153600K, 35% used [0x00000000a0000000,0x00000000a356a758,0x00000000a9600000)
 Metaspace       used 90915K, capacity 96666K, committed 98792K, reserved 1134592K
  class space    used 11397K, capacity 12517K, committed 13056K, reserved 1048576K
}
Event: 16090.745 GC heap before
{Heap before GC invocations=40 (full 4):
 PSYoungGen      total 428544K, used 408278K [0x00000000e0000000, 0x00000000fca80000, 0x0000000100000000)
  eden space 403456K, 100% used [0x00000000e0000000,0x00000000f8a00000,0x00000000f8a00000)
  from space 25088K, 19% used [0x00000000f8a00000,0x00000000f8eb5ac8,0x00000000fa280000)
  to   space 22528K, 0% used [0x00000000fa280000,0x00000000fa280000,0x00000000fb880000)
 ParOldGen       total 153600K, used 54697K [0x00000000a0000000, 0x00000000a9600000, 0x00000000e0000000)
  object space 153600K, 35% used [0x00000000a0000000,0x00000000a356a758,0x00000000a9600000)
 Metaspace       used 90964K, capacity 96672K, committed 98792K, reserved 1134592K
  class space    used 11398K, capacity 12518K, committed 13056K, reserved 1048576K
Event: 16090.756 GC heap after
Heap after GC invocations=40 (full 4):
 PSYoungGen      total 425984K, used 10451K [0x00000000e0000000, 0x00000000fca80000, 0x0000000100000000)
  eden space 403456K, 0% used [0x00000000e0000000,0x00000000e0000000,0x00000000f8a00000)
  from space 22528K, 46% used [0x00000000fa280000,0x00000000facb4df0,0x00000000fb880000)
  to   space 25088K, 0% used [0x00000000f8a00000,0x00000000f8a00000,0x00000000fa280000)
 ParOldGen       total 153600K, used 55589K [0x00000000a0000000, 0x00000000a9600000, 0x00000000e0000000)
  object space 153600K, 36% used [0x00000000a0000000,0x00000000a36497c8,0x00000000a9600000)
 Metaspace       used 90964K, capacity 96672K, committed 98792K, reserved 1134592K
  class space    used 11398K, capacity 12518K, committed 13056K, reserved 1048576K
}
Event: 16091.174 GC heap before
{Heap before GC invocations=41 (full 4):
 PSYoungGen      total 425984K, used 413907K [0x00000000e0000000, 0x00000000fca80000, 0x0000000100000000)
  eden space 403456K, 100% used [0x00000000e0000000,0x00000000f8a00000,0x00000000f8a00000)
  from space 22528K, 46% used [0x00000000fa280000,0x00000000facb4df0,0x00000000fb880000)
  to   space 25088K, 0% used [0x00000000f8a00000,0x00000000f8a00000,0x00000000fa280000)
 ParOldGen       total 153600K, used 55589K [0x00000000a0000000, 0x00000000a9600000, 0x00000000e0000000)
  object space 153600K, 36% used [0x00000000a0000000,0x00000000a36497c8,0x00000000a9600000)
 Metaspace       used 91003K, capacity 96746K, committed 98792K, reserved 1134592K
  class space    used 11399K, capacity 12521K, committed 13056K, reserved 1048576K
Event: 16091.179 GC heap after
Heap after GC invocations=41 (full 4):
 PSYoungGen      total 428544K, used 2404K [0x00000000e0000000, 0x00000000fca80000, 0x0000000100000000)
  eden space 403456K, 0% used [0x00000000e0000000,0x00000000e0000000,0x00000000f8a00000)
  from space 25088K, 9% used [0x00000000f8a00000,0x00000000f8c59190,0x00000000fa280000)
  to   space 22528K, 0% used [0x00000000fa280000,0x00000000fa280000,0x00000000fb880000)
 ParOldGen       total 153600K, used 55645K [0x00000000a0000000, 0x00000000a9600000, 0x00000000e0000000)
  object space 153600K, 36% used [0x00000000a0000000,0x00000000a36577c8,0x00000000a9600000)
 Metaspace       used 91003K, capacity 96746K, committed 98792K, reserved 1134592K
  class space    used 11399K, capacity 12521K, committed 13056K, reserved 1048576K
}
Event: 16093.918 GC heap before
{Heap before GC invocations=42 (full 4):
 PSYoungGen      total 428544K, used 405860K [0x00000000e0000000, 0x00000000fca80000, 0x0000000100000000)
  eden space 403456K, 100% used [0x00000000e0000000,0x00000000f8a00000,0x00000000f8a00000)
  from space 25088K, 9% used [0x00000000f8a00000,0x00000000f8c59190,0x00000000fa280000)
  to   space 22528K, 0% used [0x00000000fa280000,0x00000000fa280000,0x00000000fb880000)
 ParOldGen       total 153600K, used 55645K [0x00000000a0000000, 0x00000000a9600000, 0x00000000e0000000)
  object space 153600K, 36% used [0x00000000a0000000,0x00000000a36577c8,0x00000000a9600000)
 Metaspace       used 91162K, capacity 96874K, committed 99032K, reserved 1134592K
  class space    used 11400K, capacity 12521K, committed 13056K, reserved 1048576K
Event: 16093.947 GC heap after
Heap after GC invocations=42 (full 4):
 PSYoungGen      total 425984K, used 22498K [0x00000000e0000000, 0x00000000fca80000, 0x0000000100000000)
  eden space 403456K, 0% used [0x00000000e0000000,0x00000000e0000000,0x00000000f8a00000)
  from space 22528K, 99% used [0x00000000fa280000,0x00000000fb878ba8,0x00000000fb880000)
  to   space 25088K, 0% used [0x00000000f8a00000,0x00000000f8a00000,0x00000000fa280000)
 ParOldGen       total 153600K, used 58029K [0x00000000a0000000, 0x00000000a9600000, 0x00000000e0000000)
  object space 153600K, 37% used [0x00000000a0000000,0x00000000a38ab7f8,0x00000000a9600000)
 Metaspace       used 91162K, capacity 96874K, committed 99032K, reserved 1134592K
  class space    used 11400K, capacity 12521K, committed 13056K, reserved 1048576K
}

